1614983050299	mozrunner::runner	INFO	Running command: "C:\\Program Files\\Mozilla Firefox\\firefox.exe" "-marionette" "-foreground" "-no-remote" "-profile" "C:\\Users\\Pranav\\AppData\\Local\\Temp\\rust_mozprofile5nz0Rm"
1614983199764	mozrunner::runner	INFO	Running command: "C:\\Program Files\\Mozilla Firefox\\firefox.exe" "-marionette" "-foreground" "-no-remote" "-profile" "C:\\Users\\Pranav\\AppData\\Local\\Temp\\rust_mozprofileqGY0Ts"
JavaScript error: resource://gre/modules/XULStore.jsm, line 66: Error: Can't find profile directory.
console.warn: SearchSettings: "get: No settings file exists, new profile?" (new Error("", "(unknown module)"))
1614983202225	Marionette	INFO	Listening on port 64658
1614983202389	Marionette	WARN	TLS certificate errors will be ignored for this session
JavaScript error: resource://gre/actors/AutoCompleteChild.jsm, line 125: Error: Invalid autocomplete selectedIndex
JavaScript error: resource://gre/actors/AutoCompleteChild.jsm, line 125: Error: Invalid autocomplete selectedIndex
JavaScript error: resource://gre/modules/LoginManagerChild.jsm, line 190: NS_ERROR_XPC_JAVASCRIPT_ERROR_WITH_DETAILS: [JavaScript Error: "Invalid autocomplete selectedIndex" {file: "resource://gre/actors/AutoCompleteChild.jsm" line: 125}]'[JavaScript Error: "Invalid autocomplete selectedIndex" {file: "resource://gre/actors/AutoCompleteChild.jsm" line: 125}]' when calling method: [nsIAutoCompletePopup::selectedIndex]
1614983249654	Marionette	INFO	Stopped listening on port 64658

###!!! [Child][RunMessage] Error: Channel closing: too late to send/recv, messages will be lost

1614983264285	mozrunner::runner	INFO	Running command: "C:\\Program Files\\Mozilla Firefox\\firefox.exe" "-marionette" "-foreground" "-no-remote" "-profile" "C:\\Users\\Pranav\\AppData\\Local\\Temp\\rust_mozprofile9lH1OT"
JavaScript error: resource://gre/modules/XULStore.jsm, line 66: Error: Can't find profile directory.
console.warn: SearchSettings: "get: No settings file exists, new profile?" (new Error("", "(unknown module)"))
1614983266791	Marionette	INFO	Listening on port 64775
1614983266912	Marionette	WARN	TLS certificate errors will be ignored for this session
JavaScript error: resource://gre/actors/AutoCompleteChild.jsm, line 125: Error: Invalid autocomplete selectedIndex
JavaScript error: resource://gre/actors/AutoCompleteChild.jsm, line 125: Error: Invalid autocomplete selectedIndex
JavaScript error: resource://gre/modules/LoginManagerChild.jsm, line 190: NS_ERROR_XPC_JAVASCRIPT_ERROR_WITH_DETAILS: [JavaScript Error: "Invalid autocomplete selectedIndex" {file: "resource://gre/actors/AutoCompleteChild.jsm" line: 125}]'[JavaScript Error: "Invalid autocomplete selectedIndex" {file: "resource://gre/actors/AutoCompleteChild.jsm" line: 125}]' when calling method: [nsIAutoCompletePopup::selectedIndex]
JavaScript error: https://ssl.gstatic.com/support/realtime/operator/1614798115308/operatordeferred_bin_base__en.js, line 108: uncaught exception: [object Object]
1614983506602	Marionette	INFO	Stopped listening on port 64775

###!!! [Child][RunMessage] Error: Channel closing: too late to send/recv, messages will be lost

1614983658761	mozrunner::runner	INFO	Running command: "C:\\Program Files\\Mozilla Firefox\\firefox.exe" "-marionette" "-foreground" "-no-remote" "-profile" "C:\\Users\\Pranav\\AppData\\Local\\Temp\\rust_mozprofilebUF7TC"
JavaScript error: resource://gre/modules/XULStore.jsm, line 66: Error: Can't find profile directory.
console.warn: SearchSettings: "get: No settings file exists, new profile?" (new Error("", "(unknown module)"))
1614983661196	Marionette	INFO	Listening on port 65315
1614983661384	Marionette	WARN	TLS certificate errors will be ignored for this session
JavaScript error: resource://gre/actors/AutoCompleteChild.jsm, line 125: Error: Invalid autocomplete selectedIndex
JavaScript error: resource://gre/actors/AutoCompleteChild.jsm, line 125: Error: Invalid autocomplete selectedIndex
JavaScript error: resource://gre/modules/LoginManagerChild.jsm, line 190: NS_ERROR_XPC_JAVASCRIPT_ERROR_WITH_DETAILS: [JavaScript Error: "Invalid autocomplete selectedIndex" {file: "resource://gre/actors/AutoCompleteChild.jsm" line: 125}]'[JavaScript Error: "Invalid autocomplete selectedIndex" {file: "resource://gre/actors/AutoCompleteChild.jsm" line: 125}]' when calling method: [nsIAutoCompletePopup::selectedIndex]
1614983704461	Marionette	INFO	Stopped listening on port 65315

###!!! [Child][RunMessage] Error: Channel closing: too late to send/recv, messages will be lost

1614983861959	mozrunner::runner	INFO	Running command: "C:\\Program Files\\Mozilla Firefox\\firefox.exe" "-marionette" "-foreground" "-no-remote" "-profile" "C:\\Users\\Pranav\\AppData\\Local\\Temp\\rust_mozprofilebMoTMs"
JavaScript error: resource://gre/modules/XULStore.jsm, line 66: Error: Can't find profile directory.
console.warn: SearchSettings: "get: No settings file exists, new profile?" (new Error("", "(unknown module)"))
1614983864522	Marionette	INFO	Listening on port 49300
1614983864611	Marionette	WARN	TLS certificate errors will be ignored for this session
JavaScript error: resource://gre/actors/AutoCompleteChild.jsm, line 125: Error: Invalid autocomplete selectedIndex
JavaScript error: resource://gre/actors/AutoCompleteChild.jsm, line 125: Error: Invalid autocomplete selectedIndex
JavaScript error: resource://gre/modules/LoginManagerChild.jsm, line 190: NS_ERROR_XPC_JAVASCRIPT_ERROR_WITH_DETAILS: [JavaScript Error: "Invalid autocomplete selectedIndex" {file: "resource://gre/actors/AutoCompleteChild.jsm" line: 125}]'[JavaScript Error: "Invalid autocomplete selectedIndex" {file: "resource://gre/actors/AutoCompleteChild.jsm" line: 125}]' when calling method: [nsIAutoCompletePopup::selectedIndex]
1614984927364	Marionette	INFO	Stopped listening on port 49300

###!!! [Child][RunMessage] Error: Channel closing: too late to send/recv, messages will be lost

rs\\Pranav\\AppData\\Local\\Temp\\rust_mozprofileolnYtJ"
JavaScript error: resource://gre/modules/XULStore.jsm, line 66: Error: Can't find profile directory.
console.warn: SearchSettings: "get: No settings file exists, new profile?" (new Error("", "(unknown module)"))
1614984149995	Marionette	INFO	Listening on port 49565
1614984150464	Marionette	WARN	TLS certificate errors will be ignored for this session
JavaScript error: https://accounts.google.com/o/oauth2/auth?client_id=717762328687-iludtf96g1hinl76e4lc1b9a82g457nn.apps.googleusercontent.com&scope=profile+email&redirect_uri=https%3a%2f%2fstackauth.com%2fauth%2foauth2%2fgoogle&state=%7b%22sid%22%3a1%2c%22st%22%3a%2259%3a3%3abbc%2c16%3ac032e4fe5fdd12d6%2c10%3a1614984214%2c16%3a4e65741c35817005%2c5fb5f8d45399c4a115407e1978e610096e3dbf389188ae4d5433e5ef85b96bd4%22%2c%22cdl%22%3anull%2c%22cid%22%3a%22717762328687-iludtf96g1hinl76e4lc1b9a82g457nn.apps.googleusercontent.com%22%2c%22k%22%3a%22Google%22%2c%22ses%22%3a%22c2a4771422534a0abd964806804c87ca%22%7d&response_type=code line 1 > eval line 4997 > eval, line 1: TypeError: 'accelerometer' (value of 'name' member of PermissionDescriptor) is not a valid value for enumeration PermissionName.
JavaScript error: https://accounts.google.com/o/oauth2/auth?client_id=717762328687-iludtf96g1hinl76e4lc1b9a82g457nn.apps.googleusercontent.com&scope=profile+email&redirect_uri=https%3a%2f%2fstackauth.com%2fauth%2foauth2%2fgoogle&state=%7b%22sid%22%3a1%2c%22st%22%3a%2259%3a3%3abbc%2c16%3ac032e4fe5fdd12d6%2c10%3a1614984214%2c16%3a4e65741c35817005%2c5fb5f8d45399c4a115407e1978e610096e3dbf389188ae4d5433e5ef85b96bd4%22%2c%22cdl%22%3anull%2c%22cid%22%3a%22717762328687-iludtf96g1hinl76e4lc1b9a82g457nn.apps.googleusercontent.com%22%2c%22k%22%3a%22Google%22%2c%22ses%22%3a%22c2a4771422534a0abd964806804c87ca%22%7d&response_type=code line 1 > eval line 4997 > eval, line 1: TypeError: 'background-fetch' (value of 'name' member of PermissionDescriptor) is not a valid value for enumeration PermissionName.
JavaScript error: https://accounts.google.com/o/oauth2/auth?client_id=717762328687-iludtf96g1hinl76e4lc1b9a82g457nn.apps.googleusercontent.com&scope=profile+email&redirect_uri=https%3a%2f%2fstackauth.com%2fauth%2foauth2%2fgoogle&state=%7b%22sid%22%3a1%2c%22st%22%3a%2259%3a3%3abbc%2c16%3ac032e4fe5fdd12d6%2c10%3a1614984214%2c16%3a4e65741c35817005%2c5fb5f8d45399c4a115407e1978e610096e3dbf389188ae4d5433e5ef85b96bd4%22%2c%22cdl%22%3anull%2c%22cid%22%3a%22717762328687-iludtf96g1hinl76e4lc1b9a82g457nn.apps.googleusercontent.com%22%2c%22k%22%3a%22Google%22%2c%22ses%22%3a%22c2a4771422534a0abd964806804c87ca%22%7d&response_type=code line 1 > eval line 4997 > eval, line 1: TypeError: 'microphone' (value of 'name' member of PermissionDescriptor) is not a valid value for enumeration PermissionName.
JavaScript error: https://accounts.google.com/o/oauth2/auth?client_id=717762328687-iludtf96g1hinl76e4lc1b9a82g457nn.apps.googleusercontent.com&scope=profile+email&redirect_uri=https%3a%2f%2fstackauth.com%2fauth%2foauth2%2fgoogle&state=%7b%22sid%22%3a1%2c%22st%22%3a%2259%3a3%3abbc%2c16%3ac032e4fe5fdd12d6%2c10%3a1614984214%2c16%3a4e65741c35817005%2c5fb5f8d45399c4a115407e1978e610096e3dbf389188ae4d5433e5ef85b96bd4%22%2c%22cdl%22%3anull%2c%22cid%22%3a%22717762328687-iludtf96g1hinl76e4lc1b9a82g457nn.apps.googleusercontent.com%22%2c%22k%22%3a%22Google%22%2c%22ses%22%3a%22c2a4771422534a0abd964806804c87ca%22%7d&response_type=code line 1 > eval line 20 > eval, line 1: TypeError: 'accelerometer' (value of 'name' member of PermissionDescriptor) is not a valid value for enumeration PermissionName.
JavaScript error: https://accounts.google.com/o/oauth2/auth?client_id=717762328687-iludtf96g1hinl76e4lc1b9a82g457nn.apps.googleusercontent.com&scope=profile+email&redirect_uri=https%3a%2f%2fstackauth.com%2fauth%2foauth2%2fgoogle&state=%7b%22sid%22%3a1%2c%22st%22%3a%2259%3a3%3abbc%2c16%3ac032e4fe5fdd12d6%2c10%3a1614984214%2c16%3a4e65741c35817005%2c5fb5f8d45399c4a115407e1978e610096e3dbf389188ae4d5433e5ef85b96bd4%22%2c%22cdl%22%3anull%2c%22cid%22%3a%22717762328687-iludtf96g1hinl76e4lc1b9a82g457nn.apps.googleusercontent.com%22%2c%22k%22%3a%22Google%22%2c%22ses%22%3a%22c2a4771422534a0abd964806804c87ca%22%7d&response_type=code line 1 > eval line 20 > eval, line 1: TypeError: 'background-fetch' (value of 'name' member of PermissionDescriptor) is not a valid value for enumeration PermissionName.
JavaScript error: https://accounts.google.com/o/oauth2/auth?client_id=717762328687-iludtf96g1hinl76e4lc1b9a82g457nn.apps.googleusercontent.com&scope=profile+email&redirect_uri=https%3a%2f%2fstackauth.com%2fauth%2foauth2%2fgoogle&state=%7b%22sid%22%3a1%2c%22st%22%3a%2259%3a3%3abbc%2c16%3ac032e4fe5fdd12d6%2c10%3a1614984214%2c16%3a4e65741c35817005%2c5fb5f8d45399c4a115407e1978e610096e3dbf389188ae4d5433e5ef85b96bd4%22%2c%22cdl%22%3anull%2c%22cid%22%3a%22717762328687-iludtf96g1hinl76e4lc1b9a82g457nn.apps.googleusercontent.com%22%2c%22k%22%3a%22Google%22%2c%22ses%22%3a%22c2a4771422534a0abd964806804c87ca%22%7d&response_type=code line 1 > eval line 20 > eval, line 1: TypeError: 'microphone' (value of 'name' member of PermissionDescriptor) is not a valid value for enumeration PermissionName.
JavaScript error: https://accounts.google.com/o/oauth2/auth?client_id=717762328687-iludtf96g1hinl76e4lc1b9a82g457nn.apps.googleusercontent.com&scope=profile+email&redirect_uri=https%3a%2f%2fstackauth.com%2fauth%2foauth2%2fgoogle&state=%7b%22sid%22%3a1%2c%22st%22%3a%2259%3a3%3abbc%2c16%3ac032e4fe5fdd12d6%2c10%3a1614984214%2c16%3a4e65741c35817005%2c5fb5f8d45399c4a115407e1978e610096e3dbf389188ae4d5433e5ef85b96bd4%22%2c%22cdl%22%3anull%2c%22cid%22%3a%22717762328687-iludtf96g1hinl76e4lc1b9a82g457nn.apps.googleusercontent.com%22%2c%22k%22%3a%22Google%22%2c%22ses%22%3a%22c2a4771422534a0abd964806804c87ca%22%7d&response_type=code line 1 > eval line 5995 > eval, line 1: TypeError: 'accelerometer' (value of 'name' member of PermissionDescriptor) is not a valid value for enumeration PermissionName.
JavaScript error: https://accounts.google.com/o/oauth2/auth?client_id=717762328687-iludtf96g1hinl76e4lc1b9a82g457nn.apps.googleusercontent.com&scope=profile+email&redirect_uri=https%3a%2f%2fstackauth.com%2fauth%2foauth2%2fgoogle&state=%7b%22sid%22%3a1%2c%22st%22%3a%2259%3a3%3abbc%2c16%3ac032e4fe5fdd12d6%2c10%3a1614984214%2c16%3a4e65741c35817005%2c5fb5f8d45399c4a115407e1978e610096e3dbf389188ae4d5433e5ef85b96bd4%22%2c%22cdl%22%3anull%2c%22cid%22%3a%22717762328687-iludtf96g1hinl76e4lc1b9a82g457nn.apps.googleusercontent.com%22%2c%22k%22%3a%22Google%22%2c%22ses%22%3a%22c2a4771422534a0abd964806804c87ca%22%7d&response_type=code line 1 > eval line 5995 > eval, line 1: TypeError: 'background-fetch' (value of 'name' member of PermissionDescriptor) is not a valid value for enumeration PermissionName.
JavaScript error: https://accounts.google.com/o/oauth2/auth?client_id=717762328687-iludtf96g1hinl76e4lc1b9a82g457nn.apps.googleusercontent.com&scope=profile+email&redirect_uri=https%3a%2f%2fstackauth.com%2fauth%2foauth2%2fgoogle&state=%7b%22sid%22%3a1%2c%22st%22%3a%2259%3a3%3abbc%2c16%3ac032e4fe5fdd12d6%2c10%3a1614984214%2c16%3a4e65741c35817005%2c5fb5f8d45399c4a115407e1978e610096e3dbf389188ae4d5433e5ef85b96bd4%22%2c%22cdl%22%3anull%2c%22cid%22%3a%22717762328687-iludtf96g1hinl76e4lc1b9a82g457nn.apps.googleusercontent.com%22%2c%22k%22%3a%22Google%22%2c%22ses%22%3a%22c2a4771422534a0abd964806804c87ca%22%7d&response_type=code line 1 > eval line 5995 > eval, line 1: TypeError: 'microphone' (value of 'name' member of PermissionDescriptor) is not a valid value for enumeration PermissionName.
JavaScript error: https://ssl.gstatic.com/support/realtime/operator/1614798115308/operatordeferred_bin_base__en.js, line 108: uncaught exception: [object Object]
1614984384265	Marionette	INFO	Stopped listening on port 49565

###!!! [Child][RunMessage] Error: Channel closing: too late to send/recv, messages will be lost

1614984965194	mozrunner::runner	INFO	Running command: "C:\\Program Files\\Mozilla Firefox\\firefox.exe" "-marionette" "-foreground" "-no-remote" "-profile" "C:\\Users\\Pranav\\AppData\\Local\\Temp\\rust_mozprofileRVBUPT"
JavaScript error: resource://gre/modules/XULStore.jsm, line 66: Error: Can't find profile directory.
console.warn: SearchSettings: "get: No settings file exists, new profile?" (new Error("", "(unknown module)"))
1614984967855	Marionette	INFO	Listening on port 50278
1614984968363	Marionette	WARN	TLS certificate errors will be ignored for this session
JavaScript error: , line 0: TypeError: NetworkError when attempting to fetch resource.
JavaScript error: , line 0: TypeError: NetworkError when attempting to fetch resource.
JavaScript error: resource://gre/actors/AutoCompleteChild.jsm, line 125: Error: Invalid autocomplete selectedIndex
JavaScript error: resource://gre/actors/AutoCompleteChild.jsm, line 125: Error: Invalid autocomplete selectedIndex
JavaScript error: resource://gre/modules/LoginManagerChild.jsm, line 190: NS_ERROR_XPC_JAVASCRIPT_ERROR_WITH_DETAILS: [JavaScript Error: "Invalid autocomplete selectedIndex" {file: "resource://gre/actors/AutoCompleteChild.jsm" line: 125}]'[JavaScript Error: "Invalid autocomplete selectedIndex" {file: "resource://gre/actors/AutoCompleteChild.jsm" line: 125}]' when calling method: [nsIAutoCompletePopup::selectedIndex]
1614984984271	Marionette	INFO	Stopped listening on port 50278

###!!! [Child][RunMessage] Error: Channel closing: too late to send/recv, messages will be lost

